<?xml version="1.0" encoding="UTF-8"?>
<!-- Generated by org.testng.reporters.JUnitReportReporter -->
<testsuite hostname="Lenovo-PC" failures="0" tests="2" name="com.spicejet.project.testcases.LoginTest" time="34.020" errors="0" timestamp="2023-04-12T22:03:31 IST" skipped="0">
  <testcase classname="com.spicejet.project.testcases.LoginTest" name="LoginwithValidCredentials" time="15.656"/>
  <system-out/>
  <testcase classname="com.spicejet.project.testcases.LoginTest" name="LoginwithInValidCredentials" time="18.364"/>
  <system-out/>
</testsuite> <!-- com.spicejet.project.testcases.LoginTest -->
