<?xml version="1.0" encoding="UTF-8"?>
<!-- Generated by org.testng.reporters.JUnitReportReporter -->
<testsuite hostname="Lenovo-PC" failures="0" tests="1" name="com.spicejet.project.testcases.SearchforflightsRoundTripTest" time="18.954" errors="0" timestamp="2023-04-12T22:03:31 IST" skipped="0">
  <testcase classname="com.spicejet.project.testcases.SearchforflightsRoundTripTest" name="verifySearchforflightsRoundTrip" time="18.954"/>
  <system-out/>
</testsuite> <!-- com.spicejet.project.testcases.SearchforflightsRoundTripTest -->
