<?xml version="1.0" encoding="UTF-8"?>
<!-- Generated by org.testng.reporters.JUnitReportReporter -->
<testsuite hostname="Lenovo-PC" failures="0" tests="3" name="com.spicejet.project.testcases.ValidationBookingFieldsTest" time="40.425" errors="0" timestamp="2023-04-12T22:03:31 IST" skipped="0">
  <testcase classname="com.spicejet.project.testcases.ValidationBookingFieldsTest" name="verifyfightstatusfield" time="13.126"/>
  <system-out/>
  <testcase classname="com.spicejet.project.testcases.ValidationBookingFieldsTest" name="verifymanagebookingfield" time="12.605"/>
  <system-out/>
  <testcase classname="com.spicejet.project.testcases.ValidationBookingFieldsTest" name="verifycheckinfield" time="14.694"/>
  <system-out/>
</testsuite> <!-- com.spicejet.project.testcases.ValidationBookingFieldsTest -->
